2026-05-01 13:21:53,458 [INFO] ============================================================
2026-05-01 13:21:53,458 [INFO] ETL iniciado: 2026-05-01 13:21:53
2026-05-01 13:21:53,499 [INFO] Extraindo: faturamento ...
2026-05-01 13:22:06,502 [INFO]   ✓ faturamento: 43,697 linhas → faturamento.parquet
2026-05-01 13:22:06,510 [INFO] Extraindo: arrecadacao ...
2026-05-01 13:22:10,443 [INFO]   ✓ arrecadacao: 10,383 linhas → arrecadacao.parquet
2026-05-01 13:22:10,444 [INFO] Extraindo: painel_arrecadacao ...
2026-05-01 13:23:18,019 [INFO]   ✓ painel_arrecadacao: 549,010 linhas → painel_arrecadacao.parquet
2026-05-01 13:23:18,021 [INFO] Extraindo: pendencia_atual ...
2026-05-01 13:23:22,311 [INFO]   ✓ pendencia_atual: 18,356 linhas → pendencia_atual.parquet
2026-05-01 13:23:22,312 [INFO] Extraindo: cortes ...
2026-05-01 13:23:32,085 [INFO]   ✓ cortes: 29,332 linhas → cortes.parquet
2026-05-01 13:23:32,086 [INFO] Extraindo: religacoes ...
2026-05-01 13:23:35,358 [INFO]   ✓ religacoes: 12,098 linhas → religacoes.parquet
2026-05-01 13:23:35,359 [INFO] Extraindo: servicos ...
2026-05-01 13:24:47,141 [INFO]   ✓ servicos: 234,296 linhas → servicos.parquet
2026-05-01 13:24:47,142 [INFO] Extraindo: leituras ...
2026-05-01 13:33:07,996 [INFO]   ✓ leituras: 442,575 linhas → leituras.parquet
2026-05-01 13:33:07,997 [INFO] Extraindo: backlog_servicos ...
2026-05-01 13:33:16,969 [INFO]   ✓ backlog_servicos: 51,193 linhas → backlog_servicos.parquet
2026-05-01 13:33:16,970 [INFO] Extraindo: dim_bairro ...
2026-05-01 13:33:18,439 [INFO]   ✓ dim_bairro: 47 linhas → dim_bairro.parquet
2026-05-01 13:33:18,440 [INFO] Extraindo: dim_grupo ...
2026-05-01 13:33:19,976 [INFO]   ✓ dim_grupo: 20 linhas → dim_grupo.parquet
2026-05-01 13:33:19,978 [INFO] Extraindo: dim_categoria ...
2026-05-01 13:33:21,479 [INFO]   ✓ dim_categoria: 5 linhas → dim_categoria.parquet
2026-05-01 13:33:21,480 [INFO] Extraindo: dim_classe ...
2026-05-01 13:33:23,499 [INFO]   ✓ dim_classe: 3 linhas → dim_classe.parquet
2026-05-01 13:33:23,503 [INFO] Extraindo: dim_situacao_fatura ...
2026-05-01 13:33:25,017 [INFO]   ✓ dim_situacao_fatura: 15 linhas → dim_situacao_fatura.parquet
2026-05-01 13:33:25,019 [INFO] Extraindo: dim_situacao_servico ...
2026-05-01 13:33:26,558 [INFO]   ✓ dim_situacao_servico: 11 linhas → dim_situacao_servico.parquet
2026-05-01 13:33:26,560 [INFO] Extraindo: dim_agente_arrecadador ...
2026-05-01 13:33:28,006 [INFO]   ✓ dim_agente_arrecadador: 9 linhas → dim_agente_arrecadador.parquet
2026-05-01 13:33:28,009 [INFO] Extraindo: dim_forma_arrecadacao ...
2026-05-01 13:33:29,445 [INFO]   ✓ dim_forma_arrecadacao: 13 linhas → dim_forma_arrecadacao.parquet
2026-05-01 13:33:29,447 [INFO] Extraindo: dim_leiturista ...
2026-05-01 13:33:30,832 [INFO]   ✓ dim_leiturista: 13 linhas → dim_leiturista.parquet
2026-05-01 13:33:30,835 [INFO] Extraindo: dim_equipe ...
2026-05-01 13:33:32,240 [INFO]   ✓ dim_equipe: 22 linhas → dim_equipe.parquet
2026-05-01 13:33:32,241 [INFO] Extraindo: dim_setor_operacional ...
2026-05-01 13:33:33,686 [INFO]   ✓ dim_setor_operacional: 13 linhas → dim_setor_operacional.parquet
2026-05-01 13:33:33,687 [INFO] Extraindo: dim_ocorrencia ...
2026-05-01 13:33:35,345 [INFO]   ✓ dim_ocorrencia: 29 linhas → dim_ocorrencia.parquet
2026-05-01 13:33:35,347 [INFO] Extraindo: dim_servico_definicao ...
2026-05-01 13:33:36,811 [INFO]   ✓ dim_servico_definicao: 409 linhas → dim_servico_definicao.parquet
2026-05-01 13:33:36,814 [INFO] 
ETL concluído: 2026-05-01 13:33:36
2026-05-01 13:33:36,814 [INFO] Todas as tabelas extraídas com sucesso.
2026-05-01 16:16:09,221 [INFO] ============================================================
2026-05-01 16:16:09,222 [INFO] ETL iniciado: 2026-05-01 16:16:09
2026-05-01 16:16:09,265 [INFO] Extraindo: faturamento ...
2026-05-01 16:16:21,433 [INFO]   OK faturamento: 43,697 linhas -> faturamento.parquet
2026-05-01 16:16:21,433 [INFO] Extraindo: arrecadacao ...
2026-05-01 16:16:25,514 [INFO]   OK arrecadacao: 10,383 linhas -> arrecadacao.parquet
2026-05-01 16:16:25,515 [INFO] Extraindo: painel_arrecadacao ...
2026-05-01 16:17:27,722 [INFO]   OK painel_arrecadacao: 549,010 linhas -> painel_arrecadacao.parquet
2026-05-01 16:17:27,722 [INFO] Extraindo: arrecadacao_diaria ...
2026-05-01 16:17:54,517 [INFO]   OK arrecadacao_diaria: 153,981 linhas -> arrecadacao_diaria.parquet
2026-05-01 16:17:54,517 [INFO] Extraindo: arrecadacao_rubricas ...
2026-05-01 16:17:58,409 [INFO]   OK arrecadacao_rubricas: 10,383 linhas -> arrecadacao_rubricas.parquet
2026-05-01 16:17:58,409 [INFO] Extraindo: pendencia_atual ...
2026-05-01 16:18:02,669 [INFO]   OK pendencia_atual: 18,356 linhas -> pendencia_atual.parquet
2026-05-01 16:18:02,670 [INFO] Extraindo: cortes ...
2026-05-01 16:18:12,296 [INFO]   OK cortes: 29,332 linhas -> cortes.parquet
2026-05-01 16:18:12,297 [INFO] Extraindo: religacoes ...
2026-05-01 16:18:14,929 [INFO]   OK religacoes: 12,098 linhas -> religacoes.parquet
2026-05-01 16:18:14,929 [INFO] Extraindo: servicos ...
2026-05-01 16:19:23,494 [INFO]   OK servicos: 234,296 linhas -> servicos.parquet
2026-05-01 16:19:23,495 [INFO] Extraindo: leituras ...
2026-05-01 16:20:34,568 [INFO]   OK leituras: 442,575 linhas -> leituras.parquet
2026-05-01 16:20:34,569 [INFO] Extraindo: backlog_servicos ...
2026-05-01 16:20:42,353 [INFO]   OK backlog_servicos: 51,193 linhas -> backlog_servicos.parquet
2026-05-01 16:20:42,354 [INFO] Extraindo: dim_bairro ...
2026-05-01 16:20:43,779 [INFO]   OK dim_bairro: 47 linhas -> dim_bairro.parquet
2026-05-01 16:20:43,781 [INFO] Extraindo: dim_grupo ...
2026-05-01 16:20:45,049 [INFO]   OK dim_grupo: 20 linhas -> dim_grupo.parquet
2026-05-01 16:20:45,049 [INFO] Extraindo: dim_categoria ...
2026-05-01 16:20:46,488 [INFO]   OK dim_categoria: 5 linhas -> dim_categoria.parquet
2026-05-01 16:20:46,489 [INFO] Extraindo: dim_classe ...
2026-05-01 16:20:47,653 [INFO]   OK dim_classe: 3 linhas -> dim_classe.parquet
2026-05-01 16:20:47,654 [INFO] Extraindo: dim_situacao_fatura ...
2026-05-01 16:20:49,028 [INFO]   OK dim_situacao_fatura: 15 linhas -> dim_situacao_fatura.parquet
2026-05-01 16:20:49,029 [INFO] Extraindo: dim_situacao_servico ...
2026-05-01 16:20:50,147 [INFO]   OK dim_situacao_servico: 11 linhas -> dim_situacao_servico.parquet
2026-05-01 16:20:50,148 [INFO] Extraindo: dim_agente_arrecadador ...
2026-05-01 16:20:51,345 [INFO]   OK dim_agente_arrecadador: 9 linhas -> dim_agente_arrecadador.parquet
2026-05-01 16:20:51,346 [INFO] Extraindo: dim_forma_arrecadacao ...
2026-05-01 16:20:52,524 [INFO]   OK dim_forma_arrecadacao: 13 linhas -> dim_forma_arrecadacao.parquet
2026-05-01 16:20:52,524 [INFO] Extraindo: dim_leiturista ...
2026-05-01 16:20:53,795 [INFO]   OK dim_leiturista: 13 linhas -> dim_leiturista.parquet
2026-05-01 16:20:53,796 [INFO] Extraindo: dim_equipe ...
2026-05-01 16:20:54,955 [INFO]   OK dim_equipe: 22 linhas -> dim_equipe.parquet
2026-05-01 16:20:54,956 [INFO] Extraindo: dim_setor_operacional ...
2026-05-01 16:20:56,120 [INFO]   OK dim_setor_operacional: 13 linhas -> dim_setor_operacional.parquet
2026-05-01 16:20:56,121 [INFO] Extraindo: dim_ocorrencia ...
2026-05-01 16:20:57,272 [INFO]   OK dim_ocorrencia: 29 linhas -> dim_ocorrencia.parquet
2026-05-01 16:20:57,273 [INFO] Extraindo: dim_servico_definicao ...
2026-05-01 16:20:58,510 [INFO]   OK dim_servico_definicao: 409 linhas -> dim_servico_definicao.parquet
2026-05-01 16:20:58,511 [INFO] 
ETL concluído: 2026-05-01 16:20:58
2026-05-01 16:20:58,514 [INFO] Todas as tabelas extraídas com sucesso.
2026-05-01 23:48:08,891 [INFO] ============================================================
2026-05-01 23:48:08,892 [INFO] ETL iniciado: 2026-05-01 23:48:08
2026-05-01 23:48:08,934 [INFO] Extraindo: faturamento ...
2026-05-01 23:48:20,323 [INFO]   OK faturamento: 43,697 linhas -> faturamento.parquet
2026-05-01 23:48:20,324 [INFO] Extraindo: arrecadacao ...
2026-05-01 23:48:23,670 [INFO]   OK arrecadacao: 10,383 linhas -> arrecadacao.parquet
2026-05-01 23:48:23,671 [INFO] Extraindo: painel_arrecadacao ...
2026-05-01 23:49:25,561 [INFO]   OK painel_arrecadacao: 549,010 linhas -> painel_arrecadacao.parquet
2026-05-01 23:49:25,562 [INFO] Extraindo: arrecadacao_diaria ...
2026-05-01 23:49:49,313 [INFO]   OK arrecadacao_diaria: 153,981 linhas -> arrecadacao_diaria.parquet
2026-05-01 23:49:49,314 [INFO] Extraindo: arrecadacao_rubricas ...
2026-05-01 23:49:52,505 [INFO]   OK arrecadacao_rubricas: 10,383 linhas -> arrecadacao_rubricas.parquet
2026-05-01 23:49:52,505 [INFO] Extraindo: pendencia_atual ...
2026-05-01 23:49:55,902 [INFO]   OK pendencia_atual: 18,356 linhas -> pendencia_atual.parquet
2026-05-01 23:49:55,902 [INFO] Extraindo: cortes ...
2026-05-01 23:50:04,325 [INFO]   OK cortes: 29,332 linhas -> cortes.parquet
2026-05-01 23:50:04,325 [INFO] Extraindo: religacoes ...
2026-05-01 23:50:06,529 [INFO]   OK religacoes: 12,098 linhas -> religacoes.parquet
2026-05-01 23:50:06,529 [INFO] Extraindo: servicos ...
2026-05-01 23:51:14,394 [INFO]   OK servicos: 234,296 linhas -> servicos.parquet
2026-05-01 23:51:14,395 [INFO] Extraindo: leituras ...
2026-05-01 23:52:32,716 [INFO]   OK leituras: 442,575 linhas -> leituras.parquet
2026-05-01 23:52:32,717 [INFO] Extraindo: backlog_servicos ...
2026-05-01 23:52:40,899 [INFO]   OK backlog_servicos: 51,193 linhas -> backlog_servicos.parquet
2026-05-01 23:52:40,901 [INFO] Extraindo: dim_bairro ...
2026-05-01 23:52:42,216 [INFO]   OK dim_bairro: 47 linhas -> dim_bairro.parquet
2026-05-01 23:52:42,219 [INFO] Extraindo: dim_grupo ...
2026-05-01 23:52:43,542 [INFO]   OK dim_grupo: 20 linhas -> dim_grupo.parquet
2026-05-01 23:52:43,543 [INFO] Extraindo: dim_categoria ...
2026-05-01 23:52:44,830 [INFO]   OK dim_categoria: 5 linhas -> dim_categoria.parquet
2026-05-01 23:52:44,831 [INFO] Extraindo: dim_classe ...
2026-05-01 23:52:46,104 [INFO]   OK dim_classe: 3 linhas -> dim_classe.parquet
2026-05-01 23:52:46,105 [INFO] Extraindo: dim_situacao_fatura ...
2026-05-01 23:52:47,242 [INFO]   OK dim_situacao_fatura: 15 linhas -> dim_situacao_fatura.parquet
2026-05-01 23:52:47,242 [INFO] Extraindo: dim_situacao_servico ...
2026-05-01 23:52:48,456 [INFO]   OK dim_situacao_servico: 11 linhas -> dim_situacao_servico.parquet
2026-05-01 23:52:48,458 [INFO] Extraindo: dim_agente_arrecadador ...
2026-05-01 23:52:49,821 [INFO]   OK dim_agente_arrecadador: 9 linhas -> dim_agente_arrecadador.parquet
2026-05-01 23:52:49,822 [INFO] Extraindo: dim_forma_arrecadacao ...
2026-05-01 23:52:51,060 [INFO]   OK dim_forma_arrecadacao: 13 linhas -> dim_forma_arrecadacao.parquet
2026-05-01 23:52:51,061 [INFO] Extraindo: dim_leiturista ...
2026-05-01 23:52:52,332 [INFO]   OK dim_leiturista: 13 linhas -> dim_leiturista.parquet
2026-05-01 23:52:52,332 [INFO] Extraindo: dim_equipe ...
2026-05-01 23:52:53,561 [INFO]   OK dim_equipe: 22 linhas -> dim_equipe.parquet
2026-05-01 23:52:53,562 [INFO] Extraindo: dim_setor_operacional ...
2026-05-01 23:52:54,809 [INFO]   OK dim_setor_operacional: 13 linhas -> dim_setor_operacional.parquet
2026-05-01 23:52:54,809 [INFO] Extraindo: dim_ocorrencia ...
2026-05-01 23:52:56,356 [INFO]   OK dim_ocorrencia: 29 linhas -> dim_ocorrencia.parquet
2026-05-01 23:52:56,357 [INFO] Extraindo: dim_servico_definicao ...
2026-05-01 23:52:57,790 [INFO]   OK dim_servico_definicao: 409 linhas -> dim_servico_definicao.parquet
2026-05-01 23:52:57,791 [INFO] 
ETL concluído: 2026-05-01 23:52:57
2026-05-01 23:52:57,792 [INFO] Todas as tabelas extraídas com sucesso.
2026-05-02 01:29:44,386 [INFO] ============================================================
2026-05-02 01:29:44,389 [INFO] ETL iniciado: 2026-05-02 01:29:44
2026-05-02 01:29:44,437 [INFO] Extraindo: faturamento ...
2026-05-02 01:30:43,457 [INFO]   OK faturamento: 241,946 linhas -> faturamento.parquet
2026-05-02 01:30:43,457 [INFO] Extraindo: arrecadacao ...
2026-05-02 01:30:47,125 [INFO]   OK arrecadacao: 10,383 linhas -> arrecadacao.parquet
2026-05-02 01:30:47,125 [INFO] Extraindo: painel_arrecadacao ...
2026-05-02 01:31:51,814 [INFO]   OK painel_arrecadacao: 549,010 linhas -> painel_arrecadacao.parquet
2026-05-02 01:31:51,815 [INFO] Extraindo: arrecadacao_diaria ...
2026-05-02 01:32:18,853 [INFO]   OK arrecadacao_diaria: 153,981 linhas -> arrecadacao_diaria.parquet
2026-05-02 01:32:18,853 [INFO] Extraindo: arrecadacao_rubricas ...
2026-05-02 01:32:22,192 [INFO]   OK arrecadacao_rubricas: 10,383 linhas -> arrecadacao_rubricas.parquet
2026-05-02 01:32:22,192 [INFO] Extraindo: pendencia_atual ...
2026-05-02 01:32:25,873 [INFO]   OK pendencia_atual: 18,356 linhas -> pendencia_atual.parquet
2026-05-02 01:32:25,873 [INFO] Extraindo: cortes ...
2026-05-02 01:32:33,835 [INFO]   OK cortes: 29,332 linhas -> cortes.parquet
2026-05-02 01:32:33,835 [INFO] Extraindo: religacoes ...
2026-05-02 01:32:36,299 [INFO]   OK religacoes: 12,098 linhas -> religacoes.parquet
2026-05-02 01:32:36,299 [INFO] Extraindo: servicos ...
2026-05-02 01:34:06,024 [INFO]   OK servicos: 234,296 linhas -> servicos.parquet
2026-05-02 01:34:06,024 [INFO] Extraindo: leituras ...
2026-05-02 01:35:14,939 [INFO]   OK leituras: 442,575 linhas -> leituras.parquet
2026-05-02 01:35:14,939 [INFO] Extraindo: backlog_servicos ...
2026-05-02 01:35:22,491 [INFO]   OK backlog_servicos: 51,193 linhas -> backlog_servicos.parquet
2026-05-02 01:35:22,491 [INFO] Extraindo: dim_bairro ...
2026-05-02 01:35:23,803 [INFO]   OK dim_bairro: 47 linhas -> dim_bairro.parquet
2026-05-02 01:35:23,803 [INFO] Extraindo: dim_grupo ...
2026-05-02 01:35:25,123 [INFO]   OK dim_grupo: 20 linhas -> dim_grupo.parquet
2026-05-02 01:35:25,123 [INFO] Extraindo: dim_categoria ...
2026-05-02 01:35:26,221 [INFO]   OK dim_categoria: 5 linhas -> dim_categoria.parquet
2026-05-02 01:35:26,222 [INFO] Extraindo: dim_classe ...
2026-05-02 01:35:27,601 [INFO]   OK dim_classe: 3 linhas -> dim_classe.parquet
2026-05-02 01:35:27,601 [INFO] Extraindo: dim_situacao_fatura ...
2026-05-02 01:35:29,125 [INFO]   OK dim_situacao_fatura: 15 linhas -> dim_situacao_fatura.parquet
2026-05-02 01:35:29,126 [INFO] Extraindo: dim_situacao_servico ...
2026-05-02 01:35:30,423 [INFO]   OK dim_situacao_servico: 11 linhas -> dim_situacao_servico.parquet
2026-05-02 01:35:30,423 [INFO] Extraindo: dim_agente_arrecadador ...
2026-05-02 01:35:31,583 [INFO]   OK dim_agente_arrecadador: 9 linhas -> dim_agente_arrecadador.parquet
2026-05-02 01:35:31,583 [INFO] Extraindo: dim_forma_arrecadacao ...
2026-05-02 01:35:32,811 [INFO]   OK dim_forma_arrecadacao: 13 linhas -> dim_forma_arrecadacao.parquet
2026-05-02 01:35:32,811 [INFO] Extraindo: dim_leiturista ...
2026-05-02 01:35:34,044 [INFO]   OK dim_leiturista: 13 linhas -> dim_leiturista.parquet
2026-05-02 01:35:34,045 [INFO] Extraindo: dim_equipe ...
2026-05-02 01:35:35,166 [INFO]   OK dim_equipe: 22 linhas -> dim_equipe.parquet
2026-05-02 01:35:35,166 [INFO] Extraindo: dim_setor_operacional ...
2026-05-02 01:35:36,778 [INFO]   OK dim_setor_operacional: 13 linhas -> dim_setor_operacional.parquet
2026-05-02 01:35:36,778 [INFO] Extraindo: dim_ocorrencia ...
2026-05-02 01:35:38,037 [INFO]   OK dim_ocorrencia: 29 linhas -> dim_ocorrencia.parquet
2026-05-02 01:35:38,037 [INFO] Extraindo: dim_servico_definicao ...
2026-05-02 01:35:39,395 [INFO]   OK dim_servico_definicao: 409 linhas -> dim_servico_definicao.parquet
2026-05-02 01:35:39,396 [INFO] 
ETL concluído: 2026-05-02 01:35:39
2026-05-02 01:35:39,396 [INFO] Todas as tabelas extraídas com sucesso.
2026-05-02 08:01:32,030 [INFO] ============================================================
2026-05-02 08:01:32,031 [INFO] ETL iniciado: 2026-05-02 08:01:32
2026-05-02 08:01:32,078 [INFO] Extraindo: faturamento ...
2026-05-02 08:02:22,247 [INFO]   OK faturamento: 241,946 linhas -> faturamento.parquet
2026-05-02 08:02:22,248 [INFO] Extraindo: arrecadacao ...
2026-05-02 08:02:26,198 [INFO]   OK arrecadacao: 10,383 linhas -> arrecadacao.parquet
2026-05-02 08:02:26,198 [INFO] Extraindo: painel_arrecadacao ...
2026-05-02 08:03:23,840 [INFO]   OK painel_arrecadacao: 549,010 linhas -> painel_arrecadacao.parquet
2026-05-02 08:03:23,840 [INFO] Extraindo: arrecadacao_diaria ...
2026-05-02 08:03:52,770 [INFO]   OK arrecadacao_diaria: 154,119 linhas -> arrecadacao_diaria.parquet
2026-05-02 08:03:52,770 [INFO] Extraindo: arrecadacao_rubricas ...
2026-05-02 08:03:56,918 [INFO]   OK arrecadacao_rubricas: 10,383 linhas -> arrecadacao_rubricas.parquet
2026-05-02 08:03:56,918 [INFO] Extraindo: pendencia_atual ...
2026-05-02 08:04:01,204 [INFO]   OK pendencia_atual: 18,002 linhas -> pendencia_atual.parquet
2026-05-02 08:04:01,205 [INFO] Extraindo: cortes ...
2026-05-02 08:04:11,333 [INFO]   OK cortes: 29,337 linhas -> cortes.parquet
2026-05-02 08:04:11,333 [INFO] Extraindo: religacoes ...
2026-05-02 08:04:14,512 [INFO]   OK religacoes: 12,102 linhas -> religacoes.parquet
2026-05-02 08:04:14,512 [INFO] Extraindo: servicos ...
2026-05-02 08:05:27,895 [INFO]   OK servicos: 234,300 linhas -> servicos.parquet
2026-05-02 08:05:27,895 [INFO] Extraindo: leituras ...
2026-05-02 08:06:33,201 [INFO]   OK leituras: 442,575 linhas -> leituras.parquet
2026-05-02 08:06:33,201 [INFO] Extraindo: backlog_servicos ...
2026-05-02 08:06:40,209 [INFO]   OK backlog_servicos: 51,201 linhas -> backlog_servicos.parquet
2026-05-02 08:06:40,210 [INFO] Extraindo: dim_bairro ...
2026-05-02 08:06:41,723 [INFO]   OK dim_bairro: 47 linhas -> dim_bairro.parquet
2026-05-02 08:06:41,723 [INFO] Extraindo: dim_grupo ...
2026-05-02 08:06:43,004 [INFO]   OK dim_grupo: 20 linhas -> dim_grupo.parquet
2026-05-02 08:06:43,004 [INFO] Extraindo: dim_categoria ...
2026-05-02 08:06:44,411 [INFO]   OK dim_categoria: 5 linhas -> dim_categoria.parquet
2026-05-02 08:06:44,412 [INFO] Extraindo: dim_classe ...
2026-05-02 08:06:45,666 [INFO]   OK dim_classe: 3 linhas -> dim_classe.parquet
2026-05-02 08:06:45,666 [INFO] Extraindo: dim_situacao_fatura ...
2026-05-02 08:06:46,903 [INFO]   OK dim_situacao_fatura: 15 linhas -> dim_situacao_fatura.parquet
2026-05-02 08:06:46,903 [INFO] Extraindo: dim_situacao_servico ...
2026-05-02 08:06:48,304 [INFO]   OK dim_situacao_servico: 11 linhas -> dim_situacao_servico.parquet
2026-05-02 08:06:48,304 [INFO] Extraindo: dim_agente_arrecadador ...
2026-05-02 08:06:49,660 [INFO]   OK dim_agente_arrecadador: 9 linhas -> dim_agente_arrecadador.parquet
2026-05-02 08:06:49,660 [INFO] Extraindo: dim_forma_arrecadacao ...
2026-05-02 08:06:51,515 [INFO]   OK dim_forma_arrecadacao: 13 linhas -> dim_forma_arrecadacao.parquet
2026-05-02 08:06:51,516 [INFO] Extraindo: dim_leiturista ...
2026-05-02 08:06:52,651 [INFO]   OK dim_leiturista: 13 linhas -> dim_leiturista.parquet
2026-05-02 08:06:52,652 [INFO] Extraindo: dim_equipe ...
2026-05-02 08:06:53,910 [INFO]   OK dim_equipe: 22 linhas -> dim_equipe.parquet
2026-05-02 08:06:53,910 [INFO] Extraindo: dim_setor_operacional ...
2026-05-02 08:06:55,317 [INFO]   OK dim_setor_operacional: 13 linhas -> dim_setor_operacional.parquet
2026-05-02 08:06:55,317 [INFO] Extraindo: dim_ocorrencia ...
2026-05-02 08:06:56,622 [INFO]   OK dim_ocorrencia: 29 linhas -> dim_ocorrencia.parquet
2026-05-02 08:06:56,622 [INFO] Extraindo: dim_servico_definicao ...
2026-05-02 08:06:57,945 [INFO]   OK dim_servico_definicao: 409 linhas -> dim_servico_definicao.parquet
2026-05-02 08:06:57,945 [INFO] 
ETL concluído: 2026-05-02 08:06:57
2026-05-02 08:06:57,945 [INFO] Todas as tabelas extraídas com sucesso.
2026-05-02 23:46:39,130 [INFO] ============================================================
2026-05-02 23:46:39,131 [INFO] ETL iniciado: 2026-05-02 23:46:39
2026-05-02 23:46:39,175 [INFO] Extraindo: faturamento ...
2026-05-02 23:46:40,705 [ERROR]   ✗ faturamento: 400 Unrecognized name: ch_situacao_ligacao_agua_dim at [39:13]; reason: invalidQuery, location: query, message: Unrecognized name: ch_situacao_ligacao_agua_dim at [39:13]

Location: US
Job ID: 442e1748-83a8-407e-9ed6-7945b1d35cdf

2026-05-02 23:46:40,706 [INFO] Extraindo: arrecadacao ...
2026-05-02 23:46:43,941 [INFO]   OK arrecadacao: 10,383 linhas -> arrecadacao.parquet
2026-05-02 23:46:43,942 [INFO] Extraindo: painel_arrecadacao ...
2026-05-02 23:47:40,928 [INFO]   OK painel_arrecadacao: 549,010 linhas -> painel_arrecadacao.parquet
2026-05-02 23:47:40,929 [INFO] Extraindo: arrecadacao_diaria ...
2026-05-02 23:48:03,797 [INFO]   OK arrecadacao_diaria: 154,119 linhas -> arrecadacao_diaria.parquet
2026-05-02 23:48:03,797 [INFO] Extraindo: arrecadacao_rubricas ...
2026-05-02 23:48:06,891 [INFO]   OK arrecadacao_rubricas: 10,383 linhas -> arrecadacao_rubricas.parquet
2026-05-02 23:48:06,891 [INFO] Extraindo: pendencia_atual ...
2026-05-02 23:48:10,123 [INFO]   OK pendencia_atual: 18,002 linhas -> pendencia_atual.parquet
2026-05-02 23:48:10,123 [INFO] Extraindo: cortes ...
2026-05-02 23:48:19,949 [INFO]   OK cortes: 29,337 linhas -> cortes.parquet
2026-05-02 23:48:19,949 [INFO] Extraindo: religacoes ...
2026-05-02 23:48:25,531 [INFO]   OK religacoes: 27,781 linhas -> religacoes.parquet
2026-05-02 23:48:25,532 [INFO] Extraindo: servicos ...
2026-05-02 23:49:27,855 [INFO]   OK servicos: 234,300 linhas -> servicos.parquet
2026-05-02 23:49:27,856 [INFO] Extraindo: leituras ...
2026-05-02 23:50:27,102 [INFO]   OK leituras: 442,575 linhas -> leituras.parquet
2026-05-02 23:50:27,103 [INFO] Extraindo: backlog_servicos ...
2026-05-02 23:50:32,764 [INFO]   OK backlog_servicos: 51,201 linhas -> backlog_servicos.parquet
2026-05-02 23:50:32,764 [INFO] Extraindo: dim_bairro ...
2026-05-02 23:50:33,891 [INFO]   OK dim_bairro: 47 linhas -> dim_bairro.parquet
2026-05-02 23:50:33,892 [INFO] Extraindo: dim_grupo ...
2026-05-02 23:50:35,103 [INFO]   OK dim_grupo: 20 linhas -> dim_grupo.parquet
2026-05-02 23:50:35,103 [INFO] Extraindo: dim_categoria ...
2026-05-02 23:50:36,404 [INFO]   OK dim_categoria: 5 linhas -> dim_categoria.parquet
2026-05-02 23:50:36,405 [INFO] Extraindo: dim_classe ...
2026-05-02 23:50:37,612 [INFO]   OK dim_classe: 3 linhas -> dim_classe.parquet
2026-05-02 23:50:37,613 [INFO] Extraindo: dim_situacao_fatura ...
2026-05-02 23:50:38,739 [INFO]   OK dim_situacao_fatura: 15 linhas -> dim_situacao_fatura.parquet
2026-05-02 23:50:38,739 [INFO] Extraindo: dim_situacao_servico ...
2026-05-02 23:50:39,904 [INFO]   OK dim_situacao_servico: 11 linhas -> dim_situacao_servico.parquet
2026-05-02 23:50:39,904 [INFO] Extraindo: dim_agente_arrecadador ...
2026-05-02 23:50:40,965 [INFO]   OK dim_agente_arrecadador: 9 linhas -> dim_agente_arrecadador.parquet
2026-05-02 23:50:40,966 [INFO] Extraindo: dim_forma_arrecadacao ...
2026-05-02 23:50:42,082 [INFO]   OK dim_forma_arrecadacao: 13 linhas -> dim_forma_arrecadacao.parquet
2026-05-02 23:50:42,083 [INFO] Extraindo: dim_leiturista ...
2026-05-02 23:50:43,221 [INFO]   OK dim_leiturista: 13 linhas -> dim_leiturista.parquet
2026-05-02 23:50:43,221 [INFO] Extraindo: dim_equipe ...
2026-05-02 23:50:44,410 [INFO]   OK dim_equipe: 22 linhas -> dim_equipe.parquet
2026-05-02 23:50:44,411 [INFO] Extraindo: dim_setor_operacional ...
2026-05-02 23:50:45,631 [INFO]   OK dim_setor_operacional: 13 linhas -> dim_setor_operacional.parquet
2026-05-02 23:50:45,631 [INFO] Extraindo: dim_ocorrencia ...
2026-05-02 23:50:46,628 [INFO]   OK dim_ocorrencia: 29 linhas -> dim_ocorrencia.parquet
2026-05-02 23:50:46,629 [INFO] Extraindo: dim_servico_definicao ...
2026-05-02 23:50:47,770 [INFO]   OK dim_servico_definicao: 409 linhas -> dim_servico_definicao.parquet
2026-05-02 23:50:47,770 [INFO] Extraindo: dim_situacao_ligacao ...
2026-05-02 23:50:48,242 [ERROR]   ✗ dim_situacao_ligacao: 400 Unrecognized name: ch_situacao_ligacao_agua_dim; Did you mean ch_situacao_ligacao_agua? at [2:16]; reason: invalidQuery, location: query, message: Unrecognized name: ch_situacao_ligacao_agua_dim; Did you mean ch_situacao_ligacao_agua? at [2:16]

Location: US
Job ID: 7a3aed46-3008-4c07-b6b3-6421b104060d

2026-05-02 23:50:48,243 [INFO] 
ETL concluído: 2026-05-02 23:50:48
2026-05-02 23:50:48,246 [WARNING] Falhas: faturamento, dim_situacao_ligacao
