[14/05/2026 07:30:03] ======================================================
[14/05/2026 07:30:03] INICIO ETL DIARIO - Aguas de Ipameri
[14/05/2026 07:30:03] ======================================================
[14/05/2026 07:30:03] Iniciando ETL BigQuery...
2026-05-14 07:30:07,451 [INFO] ============================================================
2026-05-14 07:30:07,452 [INFO] ETL iniciado: 2026-05-14 07:30:07
2026-05-14 07:30:07,452 [INFO] Modo: INCREMENTAL (full para dims/snapshots)
2026-05-14 07:30:07,833 [INFO] [INC]  faturamento (a partir de 2026-02-01) ...
python : 
C:\Users\SｂgioRiciopo\AppData\Local\Programs\Python\Python314\Lib\site-packages\google\cloud\bigquery\table.py:2086: 
UserWarning: BigQuery Storage module not found, fetch data with the REST endpoint instead.
No C:\BI_Ipameri\scripts\run_etl_diario.ps1:28 caractere:15
+     $output = python "scripts\etl_bigquery.py" 2>&1
+               ~~~~~~~~~~~~~~~~~~~~~~~~~~~~~~~~~~~~~
    + CategoryInfo          : NotSpecified: (C:\Users\Sｂgio...dpoint instead.:String) [], RemoteException
    + FullyQualifiedErrorId : NativeCommandError
 
  warnings.warn(
2026-05-14 07:30:16,654 [INFO]   OK faturamento: +16,014 novas | 241,945 total -> faturamento.parquet
2026-05-14 07:30:16,670 [INFO] [INC]  arrecadacao (a partir de 2026-03-01) ...
C:\Users\SｂgioRiciopo\AppData\Local\Programs\Python\Python314\Lib\site-packages\google\cloud\bigquery\table.py:2086: 
UserWarning: BigQuery Storage module not found, fetch data with the REST endpoint instead.
  warnings.warn(
2026-05-14 07:30:18,497 [INFO]   OK arrecadacao: +735 novas | 10,568 total -> arrecadacao.parquet
2026-05-14 07:30:18,536 [INFO] [INC]  painel_arrecadacao (a partir de 2024-06-11) ...
C:\Users\SｂgioRiciopo\AppData\Local\Programs\Python\Python314\Lib\site-packages\google\cloud\bigquery\table.py:2086: 
UserWarning: BigQuery Storage module not found, fetch data with the REST endpoint instead.
  warnings.warn(
2026-05-14 07:30:20,946 [INFO]   OK painel_arrecadacao: +1,537 novas | 549,010 total -> painel_arrecadacao.parquet
2026-05-14 07:30:20,977 [INFO] [INC]  arrecadacao_diaria (a partir de 2026-04-30) ...
C:\Users\SｂgioRiciopo\AppData\Local\Programs\Python\Python314\Lib\site-packages\google\cloud\bigquery\table.py:2086: 
UserWarning: BigQuery Storage module not found, fetch data with the REST endpoint instead.
  warnings.warn(
2026-05-14 07:30:22,669 [INFO]   OK arrecadacao_diaria: +1,953 novas | 155,694 total -> arrecadacao_diaria.parquet
2026-05-14 07:30:22,681 [INFO] [INC]  arrecadacao_rubricas (a partir de 2026-03-01) ...
C:\Users\SｂgioRiciopo\AppData\Local\Programs\Python\Python314\Lib\site-packages\google\cloud\bigquery\table.py:2086: 
UserWarning: BigQuery Storage module not found, fetch data with the REST endpoint instead.
  warnings.warn(
2026-05-14 07:30:24,002 [INFO]   OK arrecadacao_rubricas: +735 novas | 10,568 total -> arrecadacao_rubricas.parquet
2026-05-14 07:30:24,002 [INFO] [FULL] pendencia_atual ...
C:\Users\SｂgioRiciopo\AppData\Local\Programs\Python\Python314\Lib\site-packages\google\cloud\bigquery\table.py:2086: 
UserWarning: BigQuery Storage module not found, fetch data with the REST endpoint instead.
  warnings.warn(
2026-05-14 07:30:28,538 [INFO]   OK pendencia_atual: 19,850 linhas (full) -> pendencia_atual.parquet
2026-05-14 07:30:28,549 [INFO] [INC]  cortes (a partir de 2026-04-12) ...
C:\Users\SｂgioRiciopo\AppData\Local\Programs\Python\Python314\Lib\site-packages\google\cloud\bigquery\table.py:2086: 
UserWarning: BigQuery Storage module not found, fetch data with the REST endpoint instead.
  warnings.warn(
2026-05-14 07:30:30,533 [INFO]   OK cortes: +547 novas | 29,661 total -> cortes.parquet
2026-05-14 07:30:30,542 [INFO] [INC]  religacoes (a partir de 2026-04-12) ...
C:\Users\SｂgioRiciopo\AppData\Local\Programs\Python\Python314\Lib\site-packages\google\cloud\bigquery\table.py:2086: 
UserWarning: BigQuery Storage module not found, fetch data with the REST endpoint instead.
  warnings.warn(
2026-05-14 07:30:32,326 [INFO]   OK religacoes: +256 novas | 27,878 total -> religacoes.parquet
2026-05-14 07:30:32,350 [INFO] [INC]  servicos (a partir de 2026-04-28) ...
C:\Users\SｂgioRiciopo\AppData\Local\Programs\Python\Python314\Lib\site-packages\google\cloud\bigquery\table.py:2086: 
UserWarning: BigQuery Storage module not found, fetch data with the REST endpoint instead.
  warnings.warn(
2026-05-14 07:30:33,992 [INFO]   OK servicos: +1,274 novas | 235,502 total -> servicos.parquet
2026-05-14 07:30:34,010 [INFO] [INC]  leituras (a partir de 2026-03-01) ...
C:\Users\SｂgioRiciopo\AppData\Local\Programs\Python\Python314\Lib\site-packages\google\cloud\bigquery\table.py:2086: 
UserWarning: BigQuery Storage module not found, fetch data with the REST endpoint instead.
  warnings.warn(
2026-05-14 07:30:45,544 [INFO]   OK leituras: +29,501 novas | 449,551 total -> leituras.parquet
2026-05-14 07:30:45,564 [INFO] [INC]  backlog_servicos (a partir de 2026-04-29) ...
C:\Users\SｂgioRiciopo\AppData\Local\Programs\Python\Python314\Lib\site-packages\google\cloud\bigquery\table.py:2086: 
UserWarning: BigQuery Storage module not found, fetch data with the REST endpoint instead.
  warnings.warn(
2026-05-14 07:30:46,970 [INFO]   OK backlog_servicos: +759 novas | 51,809 total -> backlog_servicos.parquet
2026-05-14 07:30:46,978 [INFO] [INC]  alteracao_fatura_contabil (a partir de 2026-03-01) ...
C:\Users\SｂgioRiciopo\AppData\Local\Programs\Python\Python314\Lib\site-packages\google\cloud\bigquery\table.py:2086: 
UserWarning: BigQuery Storage module not found, fetch data with the REST endpoint instead.
  warnings.warn(
2026-05-14 07:30:48,973 [INFO]   OK alteracao_fatura_contabil: +32 novas | 843 total -> alteracao_fatura_contabil.parquet
2026-05-14 07:30:48,973 [INFO] [FULL] dim_bairro ...
C:\Users\SｂgioRiciopo\AppData\Local\Programs\Python\Python314\Lib\site-packages\google\cloud\bigquery\table.py:2086: 
UserWarning: BigQuery Storage module not found, fetch data with the REST endpoint instead.
  warnings.warn(
2026-05-14 07:30:50,226 [INFO]   OK dim_bairro: 47 linhas (full) -> dim_bairro.parquet
2026-05-14 07:30:50,226 [INFO] [FULL] dim_grupo ...
C:\Users\SｂgioRiciopo\AppData\Local\Programs\Python\Python314\Lib\site-packages\google\cloud\bigquery\table.py:2086: 
UserWarning: BigQuery Storage module not found, fetch data with the REST endpoint instead.
  warnings.warn(
2026-05-14 07:30:51,654 [INFO]   OK dim_grupo: 20 linhas (full) -> dim_grupo.parquet
2026-05-14 07:30:51,655 [INFO] [FULL] dim_categoria ...
C:\Users\SｂgioRiciopo\AppData\Local\Programs\Python\Python314\Lib\site-packages\google\cloud\bigquery\table.py:2086: 
UserWarning: BigQuery Storage module not found, fetch data with the REST endpoint instead.
  warnings.warn(
2026-05-14 07:30:52,837 [INFO]   OK dim_categoria: 5 linhas (full) -> dim_categoria.parquet
2026-05-14 07:30:52,837 [INFO] [FULL] dim_classe ...
C:\Users\SｂgioRiciopo\AppData\Local\Programs\Python\Python314\Lib\site-packages\google\cloud\bigquery\table.py:2086: 
UserWarning: BigQuery Storage module not found, fetch data with the REST endpoint instead.
  warnings.warn(
2026-05-14 07:30:54,091 [INFO]   OK dim_classe: 3 linhas (full) -> dim_classe.parquet
2026-05-14 07:30:54,091 [INFO] [FULL] dim_situacao_fatura ...
C:\Users\SｂgioRiciopo\AppData\Local\Programs\Python\Python314\Lib\site-packages\google\cloud\bigquery\table.py:2086: 
UserWarning: BigQuery Storage module not found, fetch data with the REST endpoint instead.
  warnings.warn(
2026-05-14 07:30:55,299 [INFO]   OK dim_situacao_fatura: 15 linhas (full) -> dim_situacao_fatura.parquet
2026-05-14 07:30:55,299 [INFO] [FULL] dim_situacao_servico ...
C:\Users\SｂgioRiciopo\AppData\Local\Programs\Python\Python314\Lib\site-packages\google\cloud\bigquery\table.py:2086: 
UserWarning: BigQuery Storage module not found, fetch data with the REST endpoint instead.
  warnings.warn(
2026-05-14 07:30:56,400 [INFO]   OK dim_situacao_servico: 11 linhas (full) -> dim_situacao_servico.parquet
2026-05-14 07:30:56,400 [INFO] [FULL] dim_agente_arrecadador ...
C:\Users\SｂgioRiciopo\AppData\Local\Programs\Python\Python314\Lib\site-packages\google\cloud\bigquery\table.py:2086: 
UserWarning: BigQuery Storage module not found, fetch data with the REST endpoint instead.
  warnings.warn(
2026-05-14 07:30:57,747 [INFO]   OK dim_agente_arrecadador: 9 linhas (full) -> dim_agente_arrecadador.parquet
2026-05-14 07:30:57,747 [INFO] [FULL] dim_forma_arrecadacao ...
C:\Users\SｂgioRiciopo\AppData\Local\Programs\Python\Python314\Lib\site-packages\google\cloud\bigquery\table.py:2086: 
UserWarning: BigQuery Storage module not found, fetch data with the REST endpoint instead.
  warnings.warn(
2026-05-14 07:30:58,941 [INFO]   OK dim_forma_arrecadacao: 13 linhas (full) -> dim_forma_arrecadacao.parquet
2026-05-14 07:30:58,941 [INFO] [FULL] dim_leiturista ...
C:\Users\SｂgioRiciopo\AppData\Local\Programs\Python\Python314\Lib\site-packages\google\cloud\bigquery\table.py:2086: 
UserWarning: BigQuery Storage module not found, fetch data with the REST endpoint instead.
  warnings.warn(
2026-05-14 07:31:00,173 [INFO]   OK dim_leiturista: 13 linhas (full) -> dim_leiturista.parquet
2026-05-14 07:31:00,173 [INFO] [FULL] dim_equipe ...
C:\Users\SｂgioRiciopo\AppData\Local\Programs\Python\Python314\Lib\site-packages\google\cloud\bigquery\table.py:2086: 
UserWarning: BigQuery Storage module not found, fetch data with the REST endpoint instead.
  warnings.warn(
2026-05-14 07:31:01,270 [INFO]   OK dim_equipe: 22 linhas (full) -> dim_equipe.parquet
2026-05-14 07:31:01,270 [INFO] [FULL] dim_setor_operacional ...
C:\Users\SｂgioRiciopo\AppData\Local\Programs\Python\Python314\Lib\site-packages\google\cloud\bigquery\table.py:2086: 
UserWarning: BigQuery Storage module not found, fetch data with the REST endpoint instead.
  warnings.warn(
2026-05-14 07:31:02,523 [INFO]   OK dim_setor_operacional: 13 linhas (full) -> dim_setor_operacional.parquet
2026-05-14 07:31:02,523 [INFO] [FULL] dim_ocorrencia ...
C:\Users\SｂgioRiciopo\AppData\Local\Programs\Python\Python314\Lib\site-packages\google\cloud\bigquery\table.py:2086: 
UserWarning: BigQuery Storage module not found, fetch data with the REST endpoint instead.
  warnings.warn(
2026-05-14 07:31:03,738 [INFO]   OK dim_ocorrencia: 29 linhas (full) -> dim_ocorrencia.parquet
2026-05-14 07:31:03,738 [INFO] [FULL] dim_servico_definicao ...
C:\Users\SｂgioRiciopo\AppData\Local\Programs\Python\Python314\Lib\site-packages\google\cloud\bigquery\table.py:2086: 
UserWarning: BigQuery Storage module not found, fetch data with the REST endpoint instead.
  warnings.warn(
2026-05-14 07:31:05,267 [INFO]   OK dim_servico_definicao: 409 linhas (full) -> dim_servico_definicao.parquet
2026-05-14 07:31:05,267 [INFO] 
2026-05-14 07:31:05,267 [INFO] ETL conclu⒣o: 2026-05-14 07:31:05
2026-05-14 07:31:05,268 [INFO]   Tabelas full      : 14
2026-05-14 07:31:05,268 [INFO]   Tabelas incrementais: 11
2026-05-14 07:31:05,268 [INFO]   Linhas novas/atualizadas: 53,343
2026-05-14 07:31:05,268 [INFO]   Todas as tabelas conclu⒣as com sucesso.

[14/05/2026 07:31:05] ETL BigQuery concluido com SUCESSO
[14/05/2026 07:31:05] Iniciando ETL Frota...
Iniciando ETL de Consumo de Frota Combust⒵el...

[OK] Arquivo encontrado: RelatorioParametrizado 01-04-26 A 30-04-26.xls
Processando: RelatorioParametrizado 01-04-26 A 30-04-26.xls
  [OK] 41 registros processados

============================================================
RESUMO DA EXTRACAO
============================================================
Total de registros: 41
Data minima: 01/04/2026
Data maxima: 30/04/2026

Motorisas unicos: 9
Veiculos unicos: 14
Modelos unicos: 8

Totalizacoes:
  Combustivel consumido: 2204.10 L
  Valor gasto: R$ 14951.30
  Km rodados: 15035
  Eficiencia media: 6.82 km/L

Top 5 motoristas (por valor):
  JOAO REIS DA SILVA CARNEIRO: R$ 7686.10
  PAULO VICTOR DE OLIVEIRA CARNEIRO: R$ 2083.91
  ODELIO FERNANDES JUNIOR: R$ 1575.37
  SERGIO HENRIQUE DE OLIVEIRA RICIOPO: R$ 1559.05
  CARLOS ANDRE DE CASTRO SILVA: R$ 906.08

[OK] Exportado: frota_combustivel.parquet
[OK] Exportado: dim_veiculo_frota.parquet

ETL concluido com sucesso em 14/05/2026 07:31:06

[14/05/2026 07:31:06] ETL Frota concluido com SUCESSO
[14/05/2026 07:31:06] Publicando no GitHub (Streamlit Cloud)...
