[12/05/2026 07:30:02] ======================================================
[12/05/2026 07:30:02] INICIO ETL DIARIO - Aguas de Ipameri
[12/05/2026 07:30:02] ======================================================
[12/05/2026 07:30:02] Iniciando ETL BigQuery...
2026-05-12 07:30:03,692 [INFO] ============================================================
2026-05-12 07:30:03,692 [INFO] ETL iniciado: 2026-05-12 07:30:03
2026-05-12 07:30:03,692 [INFO] Modo: INCREMENTAL (full para dims/snapshots)
2026-05-12 07:30:03,799 [INFO] [INC]  faturamento (a partir de 2026-02-01) ...
python : 
C:\Users\SｂgioRiciopo\AppData\Local\Programs\Python\Python314\Lib\site-packages\google\cloud\bigquery\table.py:2086: 
UserWarning: BigQuery Storage module not found, fetch data with the REST endpoint instead.
No C:\BI_Ipameri\scripts\run_etl_diario.ps1:28 caractere:15
+     $output = python "scripts\etl_bigquery.py" 2>&1
+               ~~~~~~~~~~~~~~~~~~~~~~~~~~~~~~~~~~~~~
    + CategoryInfo          : NotSpecified: (C:\Users\Sｂgio...dpoint instead.:String) [], RemoteException
    + FullyQualifiedErrorId : NativeCommandError
 
  warnings.warn(
2026-05-12 07:30:12,502 [INFO]   OK faturamento: +16,014 novas | 241,945 total -> faturamento.parquet
2026-05-12 07:30:12,526 [INFO] [INC]  arrecadacao (a partir de 2026-03-01) ...
C:\Users\SｂgioRiciopo\AppData\Local\Programs\Python\Python314\Lib\site-packages\google\cloud\bigquery\table.py:2086: 
UserWarning: BigQuery Storage module not found, fetch data with the REST endpoint instead.
  warnings.warn(
2026-05-12 07:30:14,089 [INFO]   OK arrecadacao: +716 novas | 10,549 total -> arrecadacao.parquet
2026-05-12 07:30:14,135 [INFO] [INC]  painel_arrecadacao (a partir de 2024-06-11) ...
C:\Users\SｂgioRiciopo\AppData\Local\Programs\Python\Python314\Lib\site-packages\google\cloud\bigquery\table.py:2086: 
UserWarning: BigQuery Storage module not found, fetch data with the REST endpoint instead.
  warnings.warn(
2026-05-12 07:30:17,066 [INFO]   OK painel_arrecadacao: +1,537 novas | 549,010 total -> painel_arrecadacao.parquet
2026-05-12 07:30:17,086 [INFO] [INC]  arrecadacao_diaria (a partir de 2026-04-29) ...
C:\Users\SｂgioRiciopo\AppData\Local\Programs\Python\Python314\Lib\site-packages\google\cloud\bigquery\table.py:2086: 
UserWarning: BigQuery Storage module not found, fetch data with the REST endpoint instead.
  warnings.warn(
2026-05-12 07:30:19,195 [INFO]   OK arrecadacao_diaria: +1,640 novas | 155,223 total -> arrecadacao_diaria.parquet
2026-05-12 07:30:19,212 [INFO] [INC]  arrecadacao_rubricas (a partir de 2026-03-01) ...
C:\Users\SｂgioRiciopo\AppData\Local\Programs\Python\Python314\Lib\site-packages\google\cloud\bigquery\table.py:2086: 
UserWarning: BigQuery Storage module not found, fetch data with the REST endpoint instead.
  warnings.warn(
2026-05-12 07:30:20,753 [INFO]   OK arrecadacao_rubricas: +716 novas | 10,549 total -> arrecadacao_rubricas.parquet
2026-05-12 07:30:20,753 [INFO] [FULL] pendencia_atual ...
C:\Users\SｂgioRiciopo\AppData\Local\Programs\Python\Python314\Lib\site-packages\google\cloud\bigquery\table.py:2086: 
UserWarning: BigQuery Storage module not found, fetch data with the REST endpoint instead.
  warnings.warn(
2026-05-12 07:30:28,427 [INFO]   OK pendencia_atual: 19,392 linhas (full) -> pendencia_atual.parquet
2026-05-12 07:30:28,449 [INFO] [INC]  cortes (a partir de 2026-04-08) ...
C:\Users\SｂgioRiciopo\AppData\Local\Programs\Python\Python314\Lib\site-packages\google\cloud\bigquery\table.py:2086: 
UserWarning: BigQuery Storage module not found, fetch data with the REST endpoint instead.
  warnings.warn(
2026-05-12 07:30:30,013 [INFO]   OK cortes: +603 novas | 29,588 total -> cortes.parquet
2026-05-12 07:30:30,029 [INFO] [INC]  religacoes (a partir de 2026-04-10) ...
C:\Users\SｂgioRiciopo\AppData\Local\Programs\Python\Python314\Lib\site-packages\google\cloud\bigquery\table.py:2086: 
UserWarning: BigQuery Storage module not found, fetch data with the REST endpoint instead.
  warnings.warn(
2026-05-12 07:30:31,967 [INFO]   OK religacoes: +248 novas | 27,842 total -> religacoes.parquet
2026-05-12 07:30:31,998 [INFO] [INC]  servicos (a partir de 2026-04-26) ...
C:\Users\SｂgioRiciopo\AppData\Local\Programs\Python\Python314\Lib\site-packages\google\cloud\bigquery\table.py:2086: 
UserWarning: BigQuery Storage module not found, fetch data with the REST endpoint instead.
  warnings.warn(
2026-05-12 07:30:34,109 [INFO]   OK servicos: +1,205 novas | 234,994 total -> servicos.parquet
2026-05-12 07:30:34,134 [INFO] [INC]  leituras (a partir de 2026-03-01) ...
C:\Users\SｂgioRiciopo\AppData\Local\Programs\Python\Python314\Lib\site-packages\google\cloud\bigquery\table.py:2086: 
UserWarning: BigQuery Storage module not found, fetch data with the REST endpoint instead.
  warnings.warn(
2026-05-12 07:30:42,400 [INFO]   OK leituras: +27,733 novas | 447,783 total -> leituras.parquet
2026-05-12 07:30:42,416 [INFO] [INC]  backlog_servicos (a partir de 2026-04-26) ...
C:\Users\SｂgioRiciopo\AppData\Local\Programs\Python\Python314\Lib\site-packages\google\cloud\bigquery\table.py:2086: 
UserWarning: BigQuery Storage module not found, fetch data with the REST endpoint instead.
  warnings.warn(
2026-05-12 07:30:44,343 [INFO]   OK backlog_servicos: +795 novas | 51,667 total -> backlog_servicos.parquet
2026-05-12 07:30:44,350 [INFO] [INC]  alteracao_fatura_contabil (a partir de 2026-03-01) ...
C:\Users\SｂgioRiciopo\AppData\Local\Programs\Python\Python314\Lib\site-packages\google\cloud\bigquery\table.py:2086: 
UserWarning: BigQuery Storage module not found, fetch data with the REST endpoint instead.
  warnings.warn(
2026-05-12 07:30:45,885 [INFO]   OK alteracao_fatura_contabil: +31 novas | 842 total -> alteracao_fatura_contabil.parquet
2026-05-12 07:30:45,885 [INFO] [FULL] dim_bairro ...
C:\Users\SｂgioRiciopo\AppData\Local\Programs\Python\Python314\Lib\site-packages\google\cloud\bigquery\table.py:2086: 
UserWarning: BigQuery Storage module not found, fetch data with the REST endpoint instead.
  warnings.warn(
2026-05-12 07:30:47,417 [INFO]   OK dim_bairro: 47 linhas (full) -> dim_bairro.parquet
2026-05-12 07:30:47,417 [INFO] [FULL] dim_grupo ...
C:\Users\SｂgioRiciopo\AppData\Local\Programs\Python\Python314\Lib\site-packages\google\cloud\bigquery\table.py:2086: 
UserWarning: BigQuery Storage module not found, fetch data with the REST endpoint instead.
  warnings.warn(
2026-05-12 07:30:53,558 [INFO]   OK dim_grupo: 20 linhas (full) -> dim_grupo.parquet
2026-05-12 07:30:53,559 [INFO] [FULL] dim_categoria ...
C:\Users\SｂgioRiciopo\AppData\Local\Programs\Python\Python314\Lib\site-packages\google\cloud\bigquery\table.py:2086: 
UserWarning: BigQuery Storage module not found, fetch data with the REST endpoint instead.
  warnings.warn(
2026-05-12 07:30:54,893 [INFO]   OK dim_categoria: 5 linhas (full) -> dim_categoria.parquet
2026-05-12 07:30:54,893 [INFO] [FULL] dim_classe ...
C:\Users\SｂgioRiciopo\AppData\Local\Programs\Python\Python314\Lib\site-packages\google\cloud\bigquery\table.py:2086: 
UserWarning: BigQuery Storage module not found, fetch data with the REST endpoint instead.
  warnings.warn(
2026-05-12 07:30:55,950 [INFO]   OK dim_classe: 3 linhas (full) -> dim_classe.parquet
2026-05-12 07:30:55,950 [INFO] [FULL] dim_situacao_fatura ...
C:\Users\SｂgioRiciopo\AppData\Local\Programs\Python\Python314\Lib\site-packages\google\cloud\bigquery\table.py:2086: 
UserWarning: BigQuery Storage module not found, fetch data with the REST endpoint instead.
  warnings.warn(
2026-05-12 07:30:57,584 [INFO]   OK dim_situacao_fatura: 15 linhas (full) -> dim_situacao_fatura.parquet
2026-05-12 07:30:57,585 [INFO] [FULL] dim_situacao_servico ...
C:\Users\SｂgioRiciopo\AppData\Local\Programs\Python\Python314\Lib\site-packages\google\cloud\bigquery\table.py:2086: 
UserWarning: BigQuery Storage module not found, fetch data with the REST endpoint instead.
  warnings.warn(
2026-05-12 07:30:58,709 [INFO]   OK dim_situacao_servico: 11 linhas (full) -> dim_situacao_servico.parquet
2026-05-12 07:30:58,709 [INFO] [FULL] dim_agente_arrecadador ...
C:\Users\SｂgioRiciopo\AppData\Local\Programs\Python\Python314\Lib\site-packages\google\cloud\bigquery\table.py:2086: 
UserWarning: BigQuery Storage module not found, fetch data with the REST endpoint instead.
  warnings.warn(
2026-05-12 07:30:59,917 [INFO]   OK dim_agente_arrecadador: 9 linhas (full) -> dim_agente_arrecadador.parquet
2026-05-12 07:30:59,917 [INFO] [FULL] dim_forma_arrecadacao ...
C:\Users\SｂgioRiciopo\AppData\Local\Programs\Python\Python314\Lib\site-packages\google\cloud\bigquery\table.py:2086: 
UserWarning: BigQuery Storage module not found, fetch data with the REST endpoint instead.
  warnings.warn(
2026-05-12 07:31:01,218 [INFO]   OK dim_forma_arrecadacao: 13 linhas (full) -> dim_forma_arrecadacao.parquet
2026-05-12 07:31:01,219 [INFO] [FULL] dim_leiturista ...
C:\Users\SｂgioRiciopo\AppData\Local\Programs\Python\Python314\Lib\site-packages\google\cloud\bigquery\table.py:2086: 
UserWarning: BigQuery Storage module not found, fetch data with the REST endpoint instead.
  warnings.warn(
2026-05-12 07:31:02,562 [INFO]   OK dim_leiturista: 13 linhas (full) -> dim_leiturista.parquet
2026-05-12 07:31:02,562 [INFO] [FULL] dim_equipe ...
C:\Users\SｂgioRiciopo\AppData\Local\Programs\Python\Python314\Lib\site-packages\google\cloud\bigquery\table.py:2086: 
UserWarning: BigQuery Storage module not found, fetch data with the REST endpoint instead.
  warnings.warn(
2026-05-12 07:31:04,942 [INFO]   OK dim_equipe: 22 linhas (full) -> dim_equipe.parquet
2026-05-12 07:31:04,942 [INFO] [FULL] dim_setor_operacional ...
C:\Users\SｂgioRiciopo\AppData\Local\Programs\Python\Python314\Lib\site-packages\google\cloud\bigquery\table.py:2086: 
UserWarning: BigQuery Storage module not found, fetch data with the REST endpoint instead.
  warnings.warn(
2026-05-12 07:31:06,447 [INFO]   OK dim_setor_operacional: 13 linhas (full) -> dim_setor_operacional.parquet
2026-05-12 07:31:06,447 [INFO] [FULL] dim_ocorrencia ...
C:\Users\SｂgioRiciopo\AppData\Local\Programs\Python\Python314\Lib\site-packages\google\cloud\bigquery\table.py:2086: 
UserWarning: BigQuery Storage module not found, fetch data with the REST endpoint instead.
  warnings.warn(
2026-05-12 07:31:07,901 [INFO]   OK dim_ocorrencia: 29 linhas (full) -> dim_ocorrencia.parquet
2026-05-12 07:31:07,901 [INFO] [FULL] dim_servico_definicao ...
C:\Users\SｂgioRiciopo\AppData\Local\Programs\Python\Python314\Lib\site-packages\google\cloud\bigquery\table.py:2086: 
UserWarning: BigQuery Storage module not found, fetch data with the REST endpoint instead.
  warnings.warn(
2026-05-12 07:31:09,224 [INFO]   OK dim_servico_definicao: 409 linhas (full) -> dim_servico_definicao.parquet
2026-05-12 07:31:09,225 [INFO] 
2026-05-12 07:31:09,225 [INFO] ETL conclu⒣o: 2026-05-12 07:31:09
2026-05-12 07:31:09,225 [INFO]   Tabelas full      : 14
2026-05-12 07:31:09,226 [INFO]   Tabelas incrementais: 11
2026-05-12 07:31:09,226 [INFO]   Linhas novas/atualizadas: 51,238
2026-05-12 07:31:09,226 [INFO]   Todas as tabelas conclu⒣as com sucesso.

[12/05/2026 07:31:10] ETL BigQuery concluido com SUCESSO
[12/05/2026 07:31:10] Iniciando ETL Frota...
Iniciando ETL de Consumo de Frota Combust⒵el...

[OK] Arquivo encontrado: RelatorioParametrizado 01-04-26 A 30-04-26.xls
Processando: RelatorioParametrizado 01-04-26 A 30-04-26.xls
  [OK] 41 registros processados

============================================================
RESUMO DA EXTRACAO
============================================================
Total de registros: 41
Data minima: 01/04/2026
Data maxima: 30/04/2026

Motorisas unicos: 9
Veiculos unicos: 14
Modelos unicos: 8

Totalizacoes:
  Combustivel consumido: 2204.10 L
  Valor gasto: R$ 14951.30
  Km rodados: 15035
  Eficiencia media: 6.82 km/L

Top 5 motoristas (por valor):
  JOAO REIS DA SILVA CARNEIRO: R$ 7686.10
  PAULO VICTOR DE OLIVEIRA CARNEIRO: R$ 2083.91
  ODELIO FERNANDES JUNIOR: R$ 1575.37
  SERGIO HENRIQUE DE OLIVEIRA RICIOPO: R$ 1559.05
  CARLOS ANDRE DE CASTRO SILVA: R$ 906.08

[OK] Exportado: frota_combustivel.parquet
[OK] Exportado: dim_veiculo_frota.parquet

ETL concluido com sucesso em 12/05/2026 07:31:10

[12/05/2026 07:31:10] ETL Frota concluido com SUCESSO
[12/05/2026 07:31:10] Publicando no GitHub (Streamlit Cloud)...
