[15/05/2026 07:30:03] ======================================================
[15/05/2026 07:30:03] INICIO ETL DIARIO - Aguas de Ipameri
[15/05/2026 07:30:03] ======================================================
[15/05/2026 07:30:03] Iniciando ETL BigQuery...
2026-05-15 07:30:05,812 [INFO] ============================================================
2026-05-15 07:30:05,813 [INFO] ETL iniciado: 2026-05-15 07:30:05
2026-05-15 07:30:05,813 [INFO] Modo: INCREMENTAL (full para dims/snapshots)
2026-05-15 07:30:06,060 [INFO] [INC]  faturamento (a partir de 2026-02-01) ...
python : 
C:\Users\SｂgioRiciopo\AppData\Local\Programs\Python\Python314\Lib\site-packages\google\cloud\bigquery\table.py:2086: 
UserWarning: BigQuery Storage module not found, fetch data with the REST endpoint instead.
No C:\BI_Ipameri\scripts\run_etl_diario.ps1:28 caractere:15
+     $output = python "scripts\etl_bigquery.py" 2>&1
+               ~~~~~~~~~~~~~~~~~~~~~~~~~~~~~~~~~~~~~
    + CategoryInfo          : NotSpecified: (C:\Users\Sｂgio...dpoint instead.:String) [], RemoteException
    + FullyQualifiedErrorId : NativeCommandError
 
  warnings.warn(
2026-05-15 07:30:13,601 [INFO]   OK faturamento: +16,014 novas | 241,945 total -> faturamento.parquet
2026-05-15 07:30:13,613 [INFO] [INC]  arrecadacao (a partir de 2026-03-01) ...
C:\Users\SｂgioRiciopo\AppData\Local\Programs\Python\Python314\Lib\site-packages\google\cloud\bigquery\table.py:2086: 
UserWarning: BigQuery Storage module not found, fetch data with the REST endpoint instead.
  warnings.warn(
2026-05-15 07:30:15,248 [INFO]   OK arrecadacao: +772 novas | 10,605 total -> arrecadacao.parquet
2026-05-15 07:30:15,270 [INFO] [INC]  painel_arrecadacao (a partir de 2024-06-11) ...
C:\Users\SｂgioRiciopo\AppData\Local\Programs\Python\Python314\Lib\site-packages\google\cloud\bigquery\table.py:2086: 
UserWarning: BigQuery Storage module not found, fetch data with the REST endpoint instead.
  warnings.warn(
2026-05-15 07:30:17,957 [INFO]   OK painel_arrecadacao: +1,537 novas | 549,010 total -> painel_arrecadacao.parquet
2026-05-15 07:30:17,971 [INFO] [INC]  arrecadacao_diaria (a partir de 2026-05-01) ...
C:\Users\SｂgioRiciopo\AppData\Local\Programs\Python\Python314\Lib\site-packages\google\cloud\bigquery\table.py:2086: 
UserWarning: BigQuery Storage module not found, fetch data with the REST endpoint instead.
  warnings.warn(
2026-05-15 07:30:19,596 [INFO]   OK arrecadacao_diaria: +1,970 novas | 155,869 total -> arrecadacao_diaria.parquet
2026-05-15 07:30:19,606 [INFO] [INC]  arrecadacao_rubricas (a partir de 2026-03-01) ...
C:\Users\SｂgioRiciopo\AppData\Local\Programs\Python\Python314\Lib\site-packages\google\cloud\bigquery\table.py:2086: 
UserWarning: BigQuery Storage module not found, fetch data with the REST endpoint instead.
  warnings.warn(
2026-05-15 07:30:21,056 [INFO]   OK arrecadacao_rubricas: +772 novas | 10,605 total -> arrecadacao_rubricas.parquet
2026-05-15 07:30:21,056 [INFO] [FULL] pendencia_atual ...
C:\Users\SｂgioRiciopo\AppData\Local\Programs\Python\Python314\Lib\site-packages\google\cloud\bigquery\table.py:2086: 
UserWarning: BigQuery Storage module not found, fetch data with the REST endpoint instead.
  warnings.warn(
2026-05-15 07:30:25,532 [INFO]   OK pendencia_atual: 20,289 linhas (full) -> pendencia_atual.parquet
2026-05-15 07:30:25,542 [INFO] [INC]  cortes (a partir de 2026-04-13) ...
C:\Users\SｂgioRiciopo\AppData\Local\Programs\Python\Python314\Lib\site-packages\google\cloud\bigquery\table.py:2086: 
UserWarning: BigQuery Storage module not found, fetch data with the REST endpoint instead.
  warnings.warn(
2026-05-15 07:30:27,350 [INFO]   OK cortes: +625 novas | 29,751 total -> cortes.parquet
2026-05-15 07:30:27,359 [INFO] [INC]  religacoes (a partir de 2026-04-13) ...
C:\Users\SｂgioRiciopo\AppData\Local\Programs\Python\Python314\Lib\site-packages\google\cloud\bigquery\table.py:2086: 
UserWarning: BigQuery Storage module not found, fetch data with the REST endpoint instead.
  warnings.warn(
2026-05-15 07:30:28,706 [INFO]   OK religacoes: +261 novas | 27,883 total -> religacoes.parquet
2026-05-15 07:30:28,730 [INFO] [INC]  servicos (a partir de 2026-04-29) ...
C:\Users\SｂgioRiciopo\AppData\Local\Programs\Python\Python314\Lib\site-packages\google\cloud\bigquery\table.py:2086: 
UserWarning: BigQuery Storage module not found, fetch data with the REST endpoint instead.
  warnings.warn(
2026-05-15 07:30:30,565 [INFO]   OK servicos: +1,187 novas | 235,706 total -> servicos.parquet
2026-05-15 07:30:30,584 [INFO] [INC]  leituras (a partir de 2026-03-01) ...
C:\Users\SｂgioRiciopo\AppData\Local\Programs\Python\Python314\Lib\site-packages\google\cloud\bigquery\table.py:2086: 
UserWarning: BigQuery Storage module not found, fetch data with the REST endpoint instead.
  warnings.warn(
2026-05-15 07:30:36,745 [INFO]   OK leituras: +30,468 novas | 450,518 total -> leituras.parquet
2026-05-15 07:30:36,757 [INFO] [INC]  backlog_servicos (a partir de 2026-04-30) ...
C:\Users\SｂgioRiciopo\AppData\Local\Programs\Python\Python314\Lib\site-packages\google\cloud\bigquery\table.py:2086: 
UserWarning: BigQuery Storage module not found, fetch data with the REST endpoint instead.
  warnings.warn(
2026-05-15 07:30:38,053 [INFO]   OK backlog_servicos: +752 novas | 51,875 total -> backlog_servicos.parquet
2026-05-15 07:30:38,061 [INFO] [INC]  alteracao_fatura_contabil (a partir de 2026-03-01) ...
C:\Users\SｂgioRiciopo\AppData\Local\Programs\Python\Python314\Lib\site-packages\google\cloud\bigquery\table.py:2086: 
UserWarning: BigQuery Storage module not found, fetch data with the REST endpoint instead.
  warnings.warn(
2026-05-15 07:30:39,225 [INFO]   OK alteracao_fatura_contabil: +63 novas | 874 total -> alteracao_fatura_contabil.parquet
2026-05-15 07:30:39,225 [INFO] [FULL] dim_bairro ...
C:\Users\SｂgioRiciopo\AppData\Local\Programs\Python\Python314\Lib\site-packages\google\cloud\bigquery\table.py:2086: 
UserWarning: BigQuery Storage module not found, fetch data with the REST endpoint instead.
  warnings.warn(
2026-05-15 07:30:40,816 [INFO]   OK dim_bairro: 47 linhas (full) -> dim_bairro.parquet
2026-05-15 07:30:40,816 [INFO] [FULL] dim_grupo ...
C:\Users\SｂgioRiciopo\AppData\Local\Programs\Python\Python314\Lib\site-packages\google\cloud\bigquery\table.py:2086: 
UserWarning: BigQuery Storage module not found, fetch data with the REST endpoint instead.
  warnings.warn(
2026-05-15 07:30:41,965 [INFO]   OK dim_grupo: 20 linhas (full) -> dim_grupo.parquet
2026-05-15 07:30:41,966 [INFO] [FULL] dim_categoria ...
C:\Users\SｂgioRiciopo\AppData\Local\Programs\Python\Python314\Lib\site-packages\google\cloud\bigquery\table.py:2086: 
UserWarning: BigQuery Storage module not found, fetch data with the REST endpoint instead.
  warnings.warn(
2026-05-15 07:30:43,238 [INFO]   OK dim_categoria: 5 linhas (full) -> dim_categoria.parquet
2026-05-15 07:30:43,239 [INFO] [FULL] dim_classe ...
C:\Users\SｂgioRiciopo\AppData\Local\Programs\Python\Python314\Lib\site-packages\google\cloud\bigquery\table.py:2086: 
UserWarning: BigQuery Storage module not found, fetch data with the REST endpoint instead.
  warnings.warn(
2026-05-15 07:30:44,780 [INFO]   OK dim_classe: 3 linhas (full) -> dim_classe.parquet
2026-05-15 07:30:44,780 [INFO] [FULL] dim_situacao_fatura ...
C:\Users\SｂgioRiciopo\AppData\Local\Programs\Python\Python314\Lib\site-packages\google\cloud\bigquery\table.py:2086: 
UserWarning: BigQuery Storage module not found, fetch data with the REST endpoint instead.
  warnings.warn(
2026-05-15 07:30:46,058 [INFO]   OK dim_situacao_fatura: 15 linhas (full) -> dim_situacao_fatura.parquet
2026-05-15 07:30:46,058 [INFO] [FULL] dim_situacao_servico ...
C:\Users\SｂgioRiciopo\AppData\Local\Programs\Python\Python314\Lib\site-packages\google\cloud\bigquery\table.py:2086: 
UserWarning: BigQuery Storage module not found, fetch data with the REST endpoint instead.
  warnings.warn(
2026-05-15 07:30:47,359 [INFO]   OK dim_situacao_servico: 11 linhas (full) -> dim_situacao_servico.parquet
2026-05-15 07:30:47,359 [INFO] [FULL] dim_agente_arrecadador ...
C:\Users\SｂgioRiciopo\AppData\Local\Programs\Python\Python314\Lib\site-packages\google\cloud\bigquery\table.py:2086: 
UserWarning: BigQuery Storage module not found, fetch data with the REST endpoint instead.
  warnings.warn(
2026-05-15 07:30:48,809 [INFO]   OK dim_agente_arrecadador: 9 linhas (full) -> dim_agente_arrecadador.parquet
2026-05-15 07:30:48,810 [INFO] [FULL] dim_forma_arrecadacao ...
C:\Users\SｂgioRiciopo\AppData\Local\Programs\Python\Python314\Lib\site-packages\google\cloud\bigquery\table.py:2086: 
UserWarning: BigQuery Storage module not found, fetch data with the REST endpoint instead.
  warnings.warn(
2026-05-15 07:30:50,019 [INFO]   OK dim_forma_arrecadacao: 13 linhas (full) -> dim_forma_arrecadacao.parquet
2026-05-15 07:30:50,020 [INFO] [FULL] dim_leiturista ...
C:\Users\SｂgioRiciopo\AppData\Local\Programs\Python\Python314\Lib\site-packages\google\cloud\bigquery\table.py:2086: 
UserWarning: BigQuery Storage module not found, fetch data with the REST endpoint instead.
  warnings.warn(
2026-05-15 07:30:51,211 [INFO]   OK dim_leiturista: 13 linhas (full) -> dim_leiturista.parquet
2026-05-15 07:30:51,211 [INFO] [FULL] dim_equipe ...
C:\Users\SｂgioRiciopo\AppData\Local\Programs\Python\Python314\Lib\site-packages\google\cloud\bigquery\table.py:2086: 
UserWarning: BigQuery Storage module not found, fetch data with the REST endpoint instead.
  warnings.warn(
2026-05-15 07:30:52,741 [INFO]   OK dim_equipe: 22 linhas (full) -> dim_equipe.parquet
2026-05-15 07:30:52,741 [INFO] [FULL] dim_setor_operacional ...
C:\Users\SｂgioRiciopo\AppData\Local\Programs\Python\Python314\Lib\site-packages\google\cloud\bigquery\table.py:2086: 
UserWarning: BigQuery Storage module not found, fetch data with the REST endpoint instead.
  warnings.warn(
2026-05-15 07:30:54,094 [INFO]   OK dim_setor_operacional: 13 linhas (full) -> dim_setor_operacional.parquet
2026-05-15 07:30:54,094 [INFO] [FULL] dim_ocorrencia ...
C:\Users\SｂgioRiciopo\AppData\Local\Programs\Python\Python314\Lib\site-packages\google\cloud\bigquery\table.py:2086: 
UserWarning: BigQuery Storage module not found, fetch data with the REST endpoint instead.
  warnings.warn(
2026-05-15 07:30:55,244 [INFO]   OK dim_ocorrencia: 29 linhas (full) -> dim_ocorrencia.parquet
2026-05-15 07:30:55,244 [INFO] [FULL] dim_servico_definicao ...
C:\Users\SｂgioRiciopo\AppData\Local\Programs\Python\Python314\Lib\site-packages\google\cloud\bigquery\table.py:2086: 
UserWarning: BigQuery Storage module not found, fetch data with the REST endpoint instead.
  warnings.warn(
2026-05-15 07:30:56,429 [INFO]   OK dim_servico_definicao: 409 linhas (full) -> dim_servico_definicao.parquet
2026-05-15 07:30:56,429 [INFO] 
2026-05-15 07:30:56,429 [INFO] ETL conclu⒣o: 2026-05-15 07:30:56
2026-05-15 07:30:56,429 [INFO]   Tabelas full      : 14
2026-05-15 07:30:56,429 [INFO]   Tabelas incrementais: 11
2026-05-15 07:30:56,430 [INFO]   Linhas novas/atualizadas: 54,421
2026-05-15 07:30:56,430 [INFO]   Todas as tabelas conclu⒣as com sucesso.

[15/05/2026 07:30:56] ETL BigQuery concluido com SUCESSO
[15/05/2026 07:30:56] Iniciando ETL Frota...
Iniciando ETL de Consumo de Frota Combust⒵el...

[OK] Arquivo encontrado: RelatorioParametrizado 01-04-26 A 30-04-26.xls
Processando: RelatorioParametrizado 01-04-26 A 30-04-26.xls
  [OK] 41 registros processados

============================================================
RESUMO DA EXTRACAO
============================================================
Total de registros: 41
Data minima: 01/04/2026
Data maxima: 30/04/2026

Motorisas unicos: 9
Veiculos unicos: 14
Modelos unicos: 8

Totalizacoes:
  Combustivel consumido: 2204.10 L
  Valor gasto: R$ 14951.30
  Km rodados: 15035
  Eficiencia media: 6.82 km/L

Top 5 motoristas (por valor):
  JOAO REIS DA SILVA CARNEIRO: R$ 7686.10
  PAULO VICTOR DE OLIVEIRA CARNEIRO: R$ 2083.91
  ODELIO FERNANDES JUNIOR: R$ 1575.37
  SERGIO HENRIQUE DE OLIVEIRA RICIOPO: R$ 1559.05
  CARLOS ANDRE DE CASTRO SILVA: R$ 906.08

[OK] Exportado: frota_combustivel.parquet
[OK] Exportado: dim_veiculo_frota.parquet

ETL concluido com sucesso em 15/05/2026 07:30:57

[15/05/2026 07:30:57] ETL Frota concluido com SUCESSO
[15/05/2026 07:30:57] Publicando no GitHub (Streamlit Cloud)...
