[09/05/2026 09:36:13] ======================================================
[09/05/2026 09:36:13] INICIO ETL DIARIO - Aguas de Ipameri
[09/05/2026 09:36:13] ======================================================
[09/05/2026 09:36:13] Iniciando ETL BigQuery...
2026-05-09 09:36:29,213 [INFO] ============================================================
2026-05-09 09:36:29,214 [INFO] ETL iniciado: 2026-05-09 09:36:29
2026-05-09 09:36:29,215 [INFO] Modo: INCREMENTAL (full para dims/snapshots)
2026-05-09 09:36:30,527 [INFO] [INC]  faturamento (a partir de 2026-02-01) ...
python : C:\Users\SÚrgioRiciopo\AppData\Local\Programs\Python\Python314\Lib\site-packa
ges\google\cloud\bigquery\table.py:2086: UserWarning: BigQuery Storage module not 
found, fetch data with the REST endpoint instead.
No C:\BI_Ipameri\scripts\run_etl_diario.ps1:28 caractere:15
+     $output = python "scripts\etl_bigquery.py" 2>&1
+               ~~~~~~~~~~~~~~~~~~~~~~~~~~~~~~~~~~~~~
    + CategoryInfo          : NotSpecified: (C:\Users\SÚrgio...dpoint instead.:String 
   ) [], RemoteException
    + FullyQualifiedErrorId : NativeCommandError
 
  warnings.warn(
2026-05-09 09:36:46,305 [INFO]   OK faturamento: +16,014 novas | 241,945 total -> faturamento.parquet
2026-05-09 09:36:46,332 [INFO] [INC]  arrecadacao (a partir de 2026-03-01) ...
C:\Users\SÚrgioRiciopo\AppData\Local\Programs\Python\Python314\Lib\site-packages\googl
e\cloud\bigquery\table.py:2086: UserWarning: BigQuery Storage module not found, fetch 
data with the REST endpoint instead.
  warnings.warn(
2026-05-09 09:36:48,017 [INFO]   OK arrecadacao: +698 novas | 10,531 total -> arrecadacao.parquet
2026-05-09 09:36:48,261 [INFO] [INC]  painel_arrecadacao (a partir de 2024-06-11) ...
C:\Users\SÚrgioRiciopo\AppData\Local\Programs\Python\Python314\Lib\site-packages\googl
e\cloud\bigquery\table.py:2086: UserWarning: BigQuery Storage module not found, fetch 
data with the REST endpoint instead.
  warnings.warn(
2026-05-09 09:36:52,076 [INFO]   OK painel_arrecadacao: +1,537 novas | 549,010 total -> painel_arrecadacao.parquet
2026-05-09 09:36:53,731 [INFO] [INC]  arrecadacao_diaria (a partir de 2026-04-27) ...
C:\Users\SÚrgioRiciopo\AppData\Local\Programs\Python\Python314\Lib\site-packages\googl
e\cloud\bigquery\table.py:2086: UserWarning: BigQuery Storage module not found, fetch 
data with the REST endpoint instead.
  warnings.warn(
2026-05-09 09:36:58,569 [ERROR]   ERRO arrecadacao_diaria: ("object of type <class 'datetime.date'> cannot be converted to int", 'Conversion failed for column data_pagamento with type object')
2026-05-09 09:36:58,631 [INFO] [INC]  arrecadacao_rubricas (a partir de 2026-03-01) ...
C:\Users\SÚrgioRiciopo\AppData\Local\Programs\Python\Python314\Lib\site-packages\googl
e\cloud\bigquery\table.py:2086: UserWarning: BigQuery Storage module not found, fetch 
data with the REST endpoint instead.
  warnings.warn(
2026-05-09 09:37:01,126 [INFO]   OK arrecadacao_rubricas: +698 novas | 10,531 total -> arrecadacao_rubricas.parquet
2026-05-09 09:37:01,127 [INFO] [FULL] pendencia_atual ...
C:\Users\SÚrgioRiciopo\AppData\Local\Programs\Python\Python314\Lib\site-packages\googl
e\cloud\bigquery\table.py:2086: UserWarning: BigQuery Storage module not found, fetch 
data with the REST endpoint instead.
  warnings.warn(
2026-05-09 09:37:16,531 [INFO]   OK pendencia_atual: 19,158 linhas (full) -> pendencia_atual.parquet
2026-05-09 09:37:16,557 [INFO] [INC]  cortes (a partir de 2026-04-07) ...
C:\Users\SÚrgioRiciopo\AppData\Local\Programs\Python\Python314\Lib\site-packages\googl
e\cloud\bigquery\table.py:2086: UserWarning: BigQuery Storage module not found, fetch 
data with the REST endpoint instead.
  warnings.warn(
2026-05-09 09:37:17,918 [INFO]   OK cortes: +619 novas | 29,481 total -> cortes.parquet
2026-05-09 09:37:17,933 [INFO] [INC]  religacoes (a partir de 2026-04-07) ...
C:\Users\SÚrgioRiciopo\AppData\Local\Programs\Python\Python314\Lib\site-packages\googl
e\cloud\bigquery\table.py:2086: UserWarning: BigQuery Storage module not found, fetch 
data with the REST endpoint instead.
  warnings.warn(
2026-05-09 09:37:19,525 [INFO]   OK religacoes: +299 novas | 27,834 total -> religacoes.parquet
2026-05-09 09:37:19,543 [INFO] [INC]  servicos (a partir de 2026-04-23) ...
C:\Users\SÚrgioRiciopo\AppData\Local\Programs\Python\Python314\Lib\site-packages\googl
e\cloud\bigquery\table.py:2086: UserWarning: BigQuery Storage module not found, fetch 
data with the REST endpoint instead.
  warnings.warn(
2026-05-09 09:37:21,373 [INFO]   OK servicos: +1,313 novas | 234,995 total -> servicos.parquet
2026-05-09 09:37:21,406 [INFO] [INC]  leituras (a partir de 2026-03-01) ...
C:\Users\SÚrgioRiciopo\AppData\Local\Programs\Python\Python314\Lib\site-packages\googl
e\cloud\bigquery\table.py:2086: UserWarning: BigQuery Storage module not found, fetch 
data with the REST endpoint instead.
  warnings.warn(
2026-05-09 09:37:27,419 [INFO]   OK leituras: +26,554 novas | 446,604 total -> leituras.parquet
2026-05-09 09:37:27,437 [INFO] [INC]  backlog_servicos (a partir de 2026-04-24) ...
C:\Users\SÚrgioRiciopo\AppData\Local\Programs\Python\Python314\Lib\site-packages\googl
e\cloud\bigquery\table.py:2086: UserWarning: BigQuery Storage module not found, fetch 
data with the REST endpoint instead.
  warnings.warn(
2026-05-09 09:37:29,008 [INFO]   OK backlog_servicos: +763 novas | 51,575 total -> backlog_servicos.parquet
2026-05-09 09:37:29,055 [INFO] [INC]  alteracao_fatura_contabil (a partir de 2026-03-01) ...
C:\Users\SÚrgioRiciopo\AppData\Local\Programs\Python\Python314\Lib\site-packages\googl
e\cloud\bigquery\table.py:2086: UserWarning: BigQuery Storage module not found, fetch 
data with the REST endpoint instead.
  warnings.warn(
2026-05-09 09:37:30,434 [INFO]   OK alteracao_fatura_contabil: +31 novas | 842 total -> alteracao_fatura_contabil.parquet
2026-05-09 09:37:30,435 [INFO] [FULL] dim_bairro ...
C:\Users\SÚrgioRiciopo\AppData\Local\Programs\Python\Python314\Lib\site-packages\googl
e\cloud\bigquery\table.py:2086: UserWarning: BigQuery Storage module not found, fetch 
data with the REST endpoint instead.
  warnings.warn(
2026-05-09 09:37:31,875 [INFO]   OK dim_bairro: 47 linhas (full) -> dim_bairro.parquet
2026-05-09 09:37:31,876 [INFO] [FULL] dim_grupo ...
C:\Users\SÚrgioRiciopo\AppData\Local\Programs\Python\Python314\Lib\site-packages\googl
e\cloud\bigquery\table.py:2086: UserWarning: BigQuery Storage module not found, fetch 
data with the REST endpoint instead.
  warnings.warn(
2026-05-09 09:37:33,261 [INFO]   OK dim_grupo: 20 linhas (full) -> dim_grupo.parquet
2026-05-09 09:37:33,261 [INFO] [FULL] dim_categoria ...
C:\Users\SÚrgioRiciopo\AppData\Local\Programs\Python\Python314\Lib\site-packages\googl
e\cloud\bigquery\table.py:2086: UserWarning: BigQuery Storage module not found, fetch 
data with the REST endpoint instead.
  warnings.warn(
2026-05-09 09:37:34,698 [INFO]   OK dim_categoria: 5 linhas (full) -> dim_categoria.parquet
2026-05-09 09:37:34,699 [INFO] [FULL] dim_classe ...
C:\Users\SÚrgioRiciopo\AppData\Local\Programs\Python\Python314\Lib\site-packages\googl
e\cloud\bigquery\table.py:2086: UserWarning: BigQuery Storage module not found, fetch 
data with the REST endpoint instead.
  warnings.warn(
2026-05-09 09:37:35,997 [INFO]   OK dim_classe: 3 linhas (full) -> dim_classe.parquet
2026-05-09 09:37:35,998 [INFO] [FULL] dim_situacao_fatura ...
C:\Users\SÚrgioRiciopo\AppData\Local\Programs\Python\Python314\Lib\site-packages\googl
e\cloud\bigquery\table.py:2086: UserWarning: BigQuery Storage module not found, fetch 
data with the REST endpoint instead.
  warnings.warn(
2026-05-09 09:37:37,369 [INFO]   OK dim_situacao_fatura: 15 linhas (full) -> dim_situacao_fatura.parquet
2026-05-09 09:37:37,370 [INFO] [FULL] dim_situacao_servico ...
C:\Users\SÚrgioRiciopo\AppData\Local\Programs\Python\Python314\Lib\site-packages\googl
e\cloud\bigquery\table.py:2086: UserWarning: BigQuery Storage module not found, fetch 
data with the REST endpoint instead.
  warnings.warn(
2026-05-09 09:37:38,420 [INFO]   OK dim_situacao_servico: 11 linhas (full) -> dim_situacao_servico.parquet
2026-05-09 09:37:38,420 [INFO] [FULL] dim_agente_arrecadador ...
C:\Users\SÚrgioRiciopo\AppData\Local\Programs\Python\Python314\Lib\site-packages\googl
e\cloud\bigquery\table.py:2086: UserWarning: BigQuery Storage module not found, fetch 
data with the REST endpoint instead.
  warnings.warn(
2026-05-09 09:37:39,695 [INFO]   OK dim_agente_arrecadador: 9 linhas (full) -> dim_agente_arrecadador.parquet
2026-05-09 09:37:39,695 [INFO] [FULL] dim_forma_arrecadacao ...
C:\Users\SÚrgioRiciopo\AppData\Local\Programs\Python\Python314\Lib\site-packages\googl
e\cloud\bigquery\table.py:2086: UserWarning: BigQuery Storage module not found, fetch 
data with the REST endpoint instead.
  warnings.warn(
2026-05-09 09:37:41,090 [INFO]   OK dim_forma_arrecadacao: 13 linhas (full) -> dim_forma_arrecadacao.parquet
2026-05-09 09:37:41,090 [INFO] [FULL] dim_leiturista ...
C:\Users\SÚrgioRiciopo\AppData\Local\Programs\Python\Python314\Lib\site-packages\googl
e\cloud\bigquery\table.py:2086: UserWarning: BigQuery Storage module not found, fetch 
data with the REST endpoint instead.
  warnings.warn(
2026-05-09 09:37:42,958 [INFO]   OK dim_leiturista: 13 linhas (full) -> dim_leiturista.parquet
2026-05-09 09:37:42,958 [INFO] [FULL] dim_equipe ...
C:\Users\SÚrgioRiciopo\AppData\Local\Programs\Python\Python314\Lib\site-packages\googl
e\cloud\bigquery\table.py:2086: UserWarning: BigQuery Storage module not found, fetch 
data with the REST endpoint instead.
  warnings.warn(
2026-05-09 09:37:43,881 [INFO]   OK dim_equipe: 22 linhas (full) -> dim_equipe.parquet
2026-05-09 09:37:43,882 [INFO] [FULL] dim_setor_operacional ...
C:\Users\SÚrgioRiciopo\AppData\Local\Programs\Python\Python314\Lib\site-packages\googl
e\cloud\bigquery\table.py:2086: UserWarning: BigQuery Storage module not found, fetch 
data with the REST endpoint instead.
  warnings.warn(
2026-05-09 09:37:45,063 [INFO]   OK dim_setor_operacional: 13 linhas (full) -> dim_setor_operacional.parquet
2026-05-09 09:37:45,064 [INFO] [FULL] dim_ocorrencia ...
C:\Users\SÚrgioRiciopo\AppData\Local\Programs\Python\Python314\Lib\site-packages\googl
e\cloud\bigquery\table.py:2086: UserWarning: BigQuery Storage module not found, fetch 
data with the REST endpoint instead.
  warnings.warn(
2026-05-09 09:37:46,405 [INFO]   OK dim_ocorrencia: 29 linhas (full) -> dim_ocorrencia.parquet
2026-05-09 09:37:46,405 [INFO] [FULL] dim_servico_definicao ...
C:\Users\SÚrgioRiciopo\AppData\Local\Programs\Python\Python314\Lib\site-packages\googl
e\cloud\bigquery\table.py:2086: UserWarning: BigQuery Storage module not found, fetch 
data with the REST endpoint instead.
  warnings.warn(
2026-05-09 09:37:47,427 [INFO]   OK dim_servico_definicao: 409 linhas (full) -> dim_servico_definicao.parquet
2026-05-09 09:37:47,427 [INFO] 
2026-05-09 09:37:47,428 [INFO] ETL concluÝdo: 2026-05-09 09:37:47
2026-05-09 09:37:47,428 [INFO]   Tabelas full      : 14
2026-05-09 09:37:47,428 [INFO]   Tabelas incrementais: 10
2026-05-09 09:37:47,429 [INFO]   Linhas novas/atualizadas: 48,526
2026-05-09 09:37:47,429 [WARNING]   Falhas: arrecadacao_diaria

[09/05/2026 09:37:49] ETL BigQuery concluido com SUCESSO
[09/05/2026 09:37:49] Iniciando ETL Frota...
Iniciando ETL de Consumo de Frota CombustÝvel...

[OK] Arquivo encontrado: RelatorioParametrizado 01-04-26 A 30-04-26.xls
Processando: RelatorioParametrizado 01-04-26 A 30-04-26.xls
  [OK] 41 registros processados

============================================================
RESUMO DA EXTRACAO
============================================================
Total de registros: 41
Data minima: 01/04/2026
Data maxima: 30/04/2026

Motorisas unicos: 9
Veiculos unicos: 14
Modelos unicos: 8

Totalizacoes:
  Combustivel consumido: 2204.10 L
  Valor gasto: R$ 14951.30
  Km rodados: 15035
  Eficiencia media: 6.82 km/L

Top 5 motoristas (por valor):
  JOAO REIS DA SILVA CARNEIRO: R$ 7686.10
  PAULO VICTOR DE OLIVEIRA CARNEIRO: R$ 2083.91
  ODELIO FERNANDES JUNIOR: R$ 1575.37
  SERGIO HENRIQUE DE OLIVEIRA RICIOPO: R$ 1559.05
  CARLOS ANDRE DE CASTRO SILVA: R$ 906.08

[OK] Exportado: frota_combustivel.parquet
[OK] Exportado: dim_veiculo_frota.parquet

ETL concluido com sucesso em 09/05/2026 09:37:52

[09/05/2026 09:37:53] ETL Frota concluido com SUCESSO
[09/05/2026 09:37:53] Publicando no GitHub (Streamlit Cloud)...
[main 45afb7b] Dados atualizados - 09/05/2026 [auto]
 19 files changed, 1585 insertions(+), 2 deletions(-)
 create mode 100644 scripts/gerar_amostra_bigquery.py
 create mode 100644 scripts/gerar_apresentacao.py
 create mode 100644 scripts/logs/etl_diario_20260509_0936.log
 create mode 100644 scripts/logs/etl_frota_20260507_0849.log
 create mode 100644 scripts/logs/etl_frota_20260507_0853.log
 create mode 100644 scripts/logs/etl_frota_20260507_0854.log
 create mode 100644 scripts/logs/streamlit_startup.log

git.exe : To https://github.com/sergioriciopo-hub/bi-ipameri.git
No C:\BI_Ipameri\scripts\run_etl_diario.ps1:61 caractere:20
+         $pushOut = & git push origin main 2>&1
+                    ~~~~~~~~~~~~~~~~~~~~~~~~~~~
    + CategoryInfo          : NotSpecified: (To https://gith.../bi-ipameri.git:String 
   ) [], RemoteException
    + FullyQualifiedErrorId : NativeCommandError
 
   35711ab..45afb7b  main -> main

[09/05/2026 09:38:05] Publicado no GitHub com SUCESSO - Streamlit Cloud atualizara em ~2 min
[09/05/2026 09:38:05] ======================================================
[09/05/2026 09:38:05] ETL DIARIO CONCLUIDO COM SUCESSO
